Arguments: 
  /root/.nvm/versions/node/v20.8.0/bin/node /root/.nvm/versions/node/v20.8.0/bin/yarn

PATH: 
  /root/.vscode-server/bin/f1b07bd25dfad64b0167beb15359ae573aecd2cc/bin/remote-cli:/root/.nvm/versions/node/v20.8.0/bin:/usr/local/sbin:/usr/local/bin:/usr/sbin:/usr/bin:/sbin:/bin:/usr/games:/usr/local/games:/snap/bin

Yarn version: 
  1.22.19

Node version: 
  20.8.0

Platform: 
  linux x64

Trace: 
  Error: getaddrinfo EAI_AGAIN registry.yarnpkg.com
      at GetAddrInfoReqWrap.onlookupall [as oncomplete] (node:dns:118:26)

npm manifest: 
  {
    "name": "upgrade",
    "version": "0.0.1",
    "private": true,
    "homepage": ".",
    "dependencies": {
      "@testing-library/jest-dom": "^5.16.5",
      "@testing-library/react": "^13.4.0",
      "@testing-library/user-event": "^13.5.0",
      "react": "^18.2.0",
      "react-dom": "^18.2.0",
      "react-scripts": "5.0.1",
      "web-vitals": "^2.1.4",
      "react-bootstrap": "^2.1.2",
      "@mui/icons-material": "^5.11.16",
      "@mui/material": "^5.12.2",
      "@emotion/styled": "^11.10.6",
      "@emotion/react": "^11.11.0",
      "customize-cra": "^1.0.0",
      "react-app-rewired": "^2.2.1",
      "bootstrap": "5.1.3",
      "classnames": "^2.3.1",
      "react-modal": "^3.16.1",
      "react-router-dom": "^6.14.0"
    },
    "scripts": {
      "start": "react-app-rewired start",
      "build": "react-app-rewired build",
      "test": "react-app-rewired test",
      "eject": "react-app-rewired eject"
    },
    "eslintConfig": {
      "extends": [
        "react-app",
        "react-app/jest"
      ]
    },
    "browserslist": {
      "production": [
        ">0.2%",
        "not dead",
        "not op_mini all"
      ],
      "development": [
        "last 1 chrome version",
        "last 1 firefox version",
        "last 1 safari version"
      ]
    }
  }

yarn manifest: 
  No manifest

Lockfile: 
  No lockfile
